-------------------------------------------------------------------------------
Test set: com.minidooray.taskapi.milestone.service.MilestoneServiceTest
-------------------------------------------------------------------------------
Tests run: 8, Failures: 0, Errors: 6, Skipped: 0, Time elapsed: 0.055 s <<< FAILURE! - in com.minidooray.taskapi.milestone.service.MilestoneServiceTest
getMilestone  Time elapsed: 0.005 s  <<< ERROR!
org.mockito.exceptions.misusing.UnnecessaryStubbingException: 

Unnecessary stubbings detected.
Clean & maintainable test code requires zero unnecessary code.
Following stubbings are unnecessary (click to navigate to relevant line of code):
  1. -> at com.minidooray.taskapi.milestone.service.MilestoneServiceTest.getMilestone(MilestoneServiceTest.java:172)
  2. -> at com.minidooray.taskapi.milestone.service.MilestoneServiceTest.getMilestone(MilestoneServiceTest.java:174)
Please remove unnecessary stubbings or use 'lenient' strictness. More info: javadoc for UnnecessaryStubbingException class.

deleteMilestone  Time elapsed: 0.001 s  <<< ERROR!
java.lang.NullPointerException: Cannot invoke "com.minidooray.taskapi.task.repository.TaskRepository.findByMilestoneSeq(java.lang.Long)" because "this.taskRepository" is null
	at com.minidooray.taskapi.milestone.service.MilestoneServiceTest.deleteMilestone(MilestoneServiceTest.java:158)

updateMilestoneFail2  Time elapsed: 0.002 s  <<< ERROR!
com.minidooray.taskapi.milestone.exception.MilestoneNotBelongToProjectException: 1 마일스톤이 존재하지 않거나 1 프로젝트와 관련이 없습니다.
	at com.minidooray.taskapi.milestone.service.MilestoneServiceTest.updateMilestoneFail2(MilestoneServiceTest.java:139)

updateMilestone  Time elapsed: 0.001 s  <<< ERROR!
com.minidooray.taskapi.milestone.exception.MilestoneNotBelongToProjectException: 1 마일스톤이 존재하지 않거나 1 프로젝트와 관련이 없습니다.
	at com.minidooray.taskapi.milestone.service.MilestoneServiceTest.updateMilestone(MilestoneServiceTest.java:95)

getMilestones  Time elapsed: 0.001 s  <<< ERROR!
org.mockito.exceptions.misusing.UnnecessaryStubbingException: 

Unnecessary stubbings detected.
Clean & maintainable test code requires zero unnecessary code.
Following stubbings are unnecessary (click to navigate to relevant line of code):
  1. -> at com.minidooray.taskapi.milestone.service.MilestoneServiceTest.getMilestones(MilestoneServiceTest.java:186)
  2. -> at com.minidooray.taskapi.milestone.service.MilestoneServiceTest.getMilestones(MilestoneServiceTest.java:188)
Please remove unnecessary stubbings or use 'lenient' strictness. More info: javadoc for UnnecessaryStubbingException class.

updateMilestoneFail  Time elapsed: 0 s  <<< ERROR!
com.minidooray.taskapi.milestone.exception.MilestoneNotBelongToProjectException: 1 마일스톤이 존재하지 않거나 1 프로젝트와 관련이 없습니다.
	at com.minidooray.taskapi.milestone.service.MilestoneServiceTest.updateMilestoneFail(MilestoneServiceTest.java:115)

